<?xml version="1.0" encoding="UTF-8"?>
<testsuite xmlns:xsi="http://www.w3.org/2001/XMLSchema-instance" xsi:noNamespaceSchemaLocation="https://maven.apache.org/surefire/maven-surefire-plugin/xsd/surefire-test-report.xsd" version="3.0.2" name="org.example.orderpaymentobservability.OrderPaymentObservabilityApplicationTests" time="1.569" tests="1" errors="0" skipped="0" failures="0" flakes="0">
  <properties>
[...]
</properties>
  <testcase name="contextLoads" classname="org.example.orderpaymentobservability.OrderPaymentObservabilityApplicationTests" time="0.37">
    <system-out><![CDATA[17:17:08.308 [main] INFO org.springframework.test.context.support.AnnotationConfigContextLoaderUtils -- Could not detect default configuration classes for test class [org.example.orderpaymentobservability.OrderPaymentObservabilityApplicationTests]: OrderPaymentObservabilityApplicationTests does not declare any static, non-private, non-final, nested classes annotated with @Configuration.
17:17:08.353 [main] INFO org.springframework.boot.test.context.SpringBootTestContextBootstrapper -- Found @SpringBootConfiguration org.example.orderpaymentobservability.OrderPaymentObservabilityApplication for test class org.example.orderpaymentobservability.OrderPaymentObservabilityApplicationTests
17:17:08.392 [main] INFO org.springframework.test.context.support.AnnotationConfigContextLoaderUtils -- Could not detect default configuration classes for test class [org.example.orderpaymentobservability.OrderPaymentObservabilityApplicationTests]: OrderPaymentObservabilityApplicationTests does not declare any static, non-private, non-final, nested classes annotated with @Configuration.
17:17:08.393 [main] INFO org.springframework.boot.test.context.SpringBootTestContextBootstrapper -- Found @SpringBootConfiguration org.example.orderpaymentobservability.OrderPaymentObservabilityApplication for test class org.example.orderpaymentobservability.OrderPaymentObservabilityApplicationTests

  .   ____          _            __ _ _
 /\\ / ___'_ __ _ _(_)_ __  __ _ \ \ \ \
( ( )\___ | '_ | '_| | '_ \/ _` | \ \ \ \
 \\/  ___)| |_)| | | | | || (_| |  ) ) ) )
  '  |____| .__|_| |_|_| |_\__, | / / / /
 =========|_|==============|___/=/_/_/_/

 :: Spring Boot ::                (v4.1.1)

2026-09-07T17:17:08.556+03:30  INFO 12823 --- [order-service] [           main] rderPaymentObservabilityApplicationTests : Starting OrderPaymentObservabilityApplicationTests using Java 21.0.12 with PID 12823 (started by navid-soorani in /home/navid-soorani/IdeaProjects/SpringToturials/order-payment-observability)
2026-09-07T17:17:08.557+03:30  INFO 12823 --- [order-service] [           main] rderPaymentObservabilityApplicationTests : No active profile set, falling back to 1 default profile: "default"
2026-09-07T17:17:09.346+03:30  INFO 12823 --- [order-service] [           main] o.s.b.a.e.web.EndpointLinksResolver      : Exposing 3 endpoints beneath base path '/actuator'
2026-09-07T17:17:09.376+03:30  INFO 12823 --- [order-service] [           main] rderPaymentObservabilityApplicationTests : Started OrderPaymentObservabilityApplicationTests in 0.957 seconds (process running for 1.476)
]]></system-out>
    <system-err><![CDATA[Mockito is currently self-attaching to enable the inline-mock-maker. This will no longer work in future releases of the JDK. Please add Mockito as an agent to your build as described in Mockito's documentation: https://javadoc.io/doc/org.mockito/mockito-core/latest/org.mockito/org/mockito/Mockito.html#0.3
WARNING: A Java agent has been loaded dynamically (/home/navid-soorani/.m2/repository/net/bytebuddy/byte-buddy-agent/1.18.11/byte-buddy-agent-1.18.11.jar)
WARNING: If a serviceability tool is in use, please run with -XX:+EnableDynamicAgentLoading to hide this warning
WARNING: If a serviceability tool is not in use, please run with -Djdk.instrument.traceUsage for more information
WARNING: Dynamic loading of agents will be disallowed by default in a future release
]]></system-err>
  </testcase>
</testsuite>